#
# A fatal error has been detected by the Java Runtime Environment:
#
#  Internal Error (os_windows_x86.cpp:114), pid=5332, tid=5836
#  Error: guarantee(result == -1,"Unexpected result from topLevelExceptionFilter")
#
# JRE version: 6.0_17-b04
# Java VM: Java HotSpot(TM) 64-Bit Server VM (14.3-b01 mixed mode windows-amd64 )
# If you would like to submit a bug report, please visit:
#   http://java.sun.com/webapps/bugreport/crash.jsp
# The crash happened outside the Java Virtual Machine in native code.
# See problematic frame for where to report the bug.
#

---------------  T H R E A D  ---------------

Current thread (0x00000000051ef000):  JavaThread "main" [_thread_in_native, id=5836, stack(0x0000000000170000,0x0000000004170000)]

Stack: [0x0000000000170000,0x0000000004170000]
[error occurred during error reporting (printing stack bounds), id 0xc0000005]

Java frames: (J=compiled Java code, j=interpreted, Vv=VM code)
j  com.mathworks.jmi.NativeMatlab.ProcessPendingEvents()Z+0
j  com.mathworks.jmi.NativeMatlab.processPendingEvents()Z+8
j  com.mathworks.jmi.Matlab$ProcessPendingEvents.callBooleanMethod(Ljava/lang/Object;)Z+0
j  com.mathworks.util.FactoryUtils.processPendingEvents()Z+12
j  com.mathworks.widgets.desk.Desktop.canClose()Z+38
j  com.mathworks.mde.desk.MLDesktop.canClose()Z+113
j  com.mathworks.mde.desk.MLDesktop$2.call()Ljava/lang/Boolean;+4
j  com.mathworks.mde.desk.MLDesktop$2.call()Ljava/lang/Object;+1
j  com.mathworks.jmi.Matlab.isOkToExit()Z+54
v  ~StubRoutines::call_stub
j  com.mathworks.jmi.NativeMatlab.SendMatlabMessage(Ljava/lang/Object;)Ljava/lang/Object;+0
j  com.mathworks.jmi.NativeMatlab.sendMatlabMessage(Ljava/lang/Object;)Ljava/lang/Object;+22
j  com.mathworks.jmi.MatlabLooper.sendMatlabMessage(Lcom/mathworks/services/message/MWMessage;)Ljava/lang/Object;+20
j  com.mathworks.jmi.Matlab.mtFevalConsoleOutput(Ljava/lang/String;[Ljava/lang/Object;I)Ljava/lang/Object;+58
j  com.mathworks.mde.desk.MLDesktop$9.run()V+14
j  com.mathworks.jmi.NativeMatlab.dispatchMTRequests(Z)V+57
v  ~StubRoutines::call_stub

---------------  P R O C E S S  ---------------

Java Threads: ( => current thread )
  0x000000000f7f9000 JavaThread "Timer-1701" [_thread_blocked, id=3880, stack(0x00000000192a0000,0x0000000019320000)]
  0x000000000f7f5800 JavaThread "Image Fetcher 3" daemon [_thread_blocked, id=2088, stack(0x0000000019430000,0x00000000194b0000)]
  0x000000000f7fa800 JavaThread "Timer queue for AWT thread" daemon [_thread_blocked, id=3472, stack(0x0000000019500000,0x0000000019580000)]
  0x000000000f7fa000 JavaThread "Timer-575" [_thread_blocked, id=4184, stack(0x0000000019590000,0x0000000019610000)]
  0x000000000f7ef000 JavaThread "pool-8-thread-1" [_thread_blocked, id=3464, stack(0x00000000191c0000,0x0000000019240000)]
  0x000000000f7ed800 JavaThread "pool-6-thread-1" [_thread_blocked, id=5000, stack(0x0000000007ea0000,0x0000000007f20000)]
  0x000000000f7f5000 JavaThread "Foxtrot Single Worker Thread #1" daemon [_thread_blocked, id=3272, stack(0x000000002ab80000,0x000000002ac00000)]
  0x000000000f7f1800 JavaThread "Active Reference Queue Daemon" daemon [_thread_blocked, id=1368, stack(0x000000002bd60000,0x000000002bde0000)]
  0x000000000f7f6800 JavaThread "Timer-19" daemon [_thread_blocked, id=4144, stack(0x000000002bf00000,0x000000002bf80000)]
  0x000000000f7f4000 JavaThread "Prefs Updater" daemon [_thread_blocked, id=4852, stack(0x000000002c930000,0x000000002c9b0000)]
  0x000000000f7f2800 JavaThread "Timer-7" daemon [_thread_blocked, id=3476, stack(0x00000000694a0000,0x0000000069520000)]
  0x000000000f7f0800 JavaThread "Explorer NavigationContext request queue" [_thread_blocked, id=1076, stack(0x0000000067950000,0x00000000679d0000)]
  0x000000000f7ee800 JavaThread "AddressBar directory emptiness poller" [_thread_blocked, id=5956, stack(0x0000000067f50000,0x0000000067fd0000)]
  0x000000000f7ed000 JavaThread "Timer-1" [_thread_blocked, id=5408, stack(0x0000000054f60000,0x0000000054fe0000)]
  0x000000000f7ec000 JavaThread "TimerQueue" daemon [_thread_blocked, id=4452, stack(0x0000000050ec0000,0x0000000050f40000)]
  0x000000000f44f800 JavaThread "FelixPackageAdmin" daemon [_thread_blocked, id=4436, stack(0x0000000025570000,0x00000000255f0000)]
  0x000000000f44e800 JavaThread "FelixStartLevel" daemon [_thread_blocked, id=3188, stack(0x0000000048bc0000,0x0000000048c40000)]
  0x000000000f44c000 JavaThread "FelixDispatchQueue" daemon [_thread_blocked, id=3828, stack(0x0000000029650000,0x00000000296d0000)]
  0x000000000f568000 JavaThread "AWT-EventQueue-0" [_thread_in_Java, id=1124, stack(0x000000001d1f0000,0x000000001d270000)]
  0x000000000f27e800 JavaThread "com.google.common.base.internal.Finalizer" daemon [_thread_blocked, id=1520, stack(0x000000001d2c0000,0x000000001d340000)]
  0x000000000f336000 JavaThread "AWT-Windows" daemon [_thread_in_native, id=4300, stack(0x0000000015040000,0x00000000150c0000)]
  0x000000000f32f000 JavaThread "AWT-Shutdown" [_thread_blocked, id=4856, stack(0x000000000ff20000,0x000000000ffa0000)]
  0x000000000f32e800 JavaThread "Java2D Disposer" daemon [_thread_blocked, id=3584, stack(0x000000000d2a0000,0x000000000d320000)]
  0x000000000efe7000 JavaThread "Timer-0" [_thread_blocked, id=3776, stack(0x000000000e1f0000,0x000000000e270000)]
  0x000000000eddb000 JavaThread "EventMgr Dispatcher" daemon [_thread_in_native, id=4004, stack(0x0000000010f80000,0x0000000014f80000)]
  0x000000000decf800 JavaThread "Low Memory Detector" daemon [_thread_blocked, id=5712, stack(0x000000000e2b0000,0x000000000e330000)]
  0x000000000dec8000 JavaThread "CompilerThread1" daemon [_thread_blocked, id=5008, stack(0x000000005d100000,0x0000000061100000)]
  0x000000000dec1800 JavaThread "CompilerThread0" daemon [_thread_in_native, id=956, stack(0x00000000590b0000,0x000000005d0b0000)]
  0x000000000dec0800 JavaThread "Attach Listener" daemon [_thread_blocked, id=6048, stack(0x000000000dff0000,0x000000000e070000)]
  0x000000000de6b000 JavaThread "Finalizer" daemon [_thread_blocked, id=4572, stack(0x000000000e070000,0x000000000e0f0000)]
  0x000000000de65000 JavaThread "Reference Handler" daemon [_thread_blocked, id=5592, stack(0x000000000d330000,0x000000000d3b0000)]
=>0x00000000051ef000 JavaThread "main" [_thread_in_native, id=5836, stack(0x0000000000170000,0x0000000004170000)]

Other Threads:
  0x000000000de62000 VMThread [stack: 0x0000000055030000,0x0000000059030000] [id=3432]
  0x000000000def3000 WatcherThread [stack: 0x00000000611d0000,0x00000000651d0000] [id=5684]

VM state:not at safepoint (normal execution)

VM Mutex/Monitor currently owned by a thread: None

Heap
 PSYoungGen      total 19264K, used 9191K [0x0000000041a30000, 0x0000000042f40000, 0x0000000044b30000)
  eden space 18368K, 45% used [0x0000000041a30000,0x000000004224a8c8,0x0000000042c20000)
  from space 896K, 99% used [0x0000000042df0000,0x0000000042ecf628,0x0000000042ed0000)
  to   space 1600K, 0% used [0x0000000042c20000,0x0000000042c20000,0x0000000042db0000)
 PSOldGen        total 83520K, used 78139K [0x0000000038730000, 0x000000003d8c0000, 0x0000000041a30000)
  object space 83520K, 93% used [0x0000000038730000,0x000000003d37ed70,0x000000003d8c0000)
 PSPermGen       total 131008K, used 70676K [0x0000000030730000, 0x0000000038720000, 0x0000000038730000)
  object space 131008K, 53% used [0x0000000030730000,0x0000000034c35280,0x0000000038720000)

Dynamic libraries:
0x000000013f050000 - 0x000000013f082000 	C:\Program Files\MATLAB\R2012a\bin\win64\matlab.exe
0x0000000076f60000 - 0x0000000077109000 	C:\windows\SYSTEM32\ntdll.dll
0x00000000769d0000 - 0x0000000076aef000 	C:\windows\system32\kernel32.dll
0x000007fefd600000 - 0x000007fefd66c000 	C:\windows\system32\KERNELBASE.dll
0x0000000074460000 - 0x0000000074554000 	C:\Program Files\MATLAB\R2012a\bin\win64\libut.dll
0x00000000758a0000 - 0x0000000075952000 	C:\Program Files\MATLAB\R2012a\bin\win64\libmwi18n.dll
0x0000000180000000 - 0x000000018000b000 	C:\Program Files\MATLAB\R2012a\bin\win64\libmwresource_core.dll
0x000000006a5d0000 - 0x000000006a6a3000 	C:\windows\WinSxS\amd64_microsoft.vc90.crt_1fc8b3b9a1e18e3b_9.0.30729.6161_none_08e61857a83bc251\MSVCP90.dll
0x000000006af50000 - 0x000000006aff3000 	C:\windows\WinSxS\amd64_microsoft.vc90.crt_1fc8b3b9a1e18e3b_9.0.30729.6161_none_08e61857a83bc251\MSVCR90.dll
0x000000007a170000 - 0x000000007a19c000 	C:\Program Files\MATLAB\R2012a\bin\win64\boost_filesystem-vc90-mt-1_44.dll
0x000000007a560000 - 0x000000007a569000 	C:\Program Files\MATLAB\R2012a\bin\win64\boost_system-vc90-mt-1_44.dll
0x000007fefee00000 - 0x000007fefeedb000 	C:\windows\system32\ADVAPI32.dll
0x000007fefef40000 - 0x000007fefefdf000 	C:\windows\system32\msvcrt.dll
0x000007fefdc80000 - 0x000007fefdc9f000 	C:\windows\SYSTEM32\sechost.dll
0x000007fefd790000 - 0x000007fefd8bd000 	C:\windows\system32\RPCRT4.dll
0x000000007a010000 - 0x000000007a035000 	C:\Program Files\MATLAB\R2012a\bin\win64\LIBEXPAT.dll
0x000000006c370000 - 0x000000006c561000 	C:\Program Files\MATLAB\R2012a\bin\win64\icuin44.dll
0x000000006c7e0000 - 0x000000006c951000 	C:\Program Files\MATLAB\R2012a\bin\win64\icuuc44.dll
0x0000000010000000 - 0x0000000010e41000 	C:\Program Files\MATLAB\R2012a\bin\win64\icudt44.dll
0x0000000073f70000 - 0x00000000740ad000 	C:\Program Files\MATLAB\R2012a\bin\win64\libmwfl.dll
0x0000000004310000 - 0x0000000004606000 	C:\Program Files\MATLAB\R2012a\bin\win64\libmwMATLAB_res.dll
0x000000007a3b0000 - 0x000000007a3c0000 	C:\Program Files\MATLAB\R2012a\bin\win64\boost_date_time-vc90-mt-1_44.dll
0x000000007a250000 - 0x000000007a263000 	C:\Program Files\MATLAB\R2012a\bin\win64\boost_signals-vc90-mt-1_44.dll
0x000000007a2d0000 - 0x000000007a2e2000 	C:\Program Files\MATLAB\R2012a\bin\win64\boost_thread-vc90-mt-1_44.dll
0x0000000004190000 - 0x00000000041d6000 	C:\Program Files\MATLAB\R2012a\bin\win64\tbb.dll
0x000007fefede0000 - 0x000007fefedf9000 	C:\windows\system32\imagehlp.dll
0x0000000077120000 - 0x0000000077127000 	C:\windows\system32\PSAPI.DLL
0x000000006cf90000 - 0x000000006cfa3000 	C:\Program Files\MATLAB\R2012a\bin\win64\icuio44.dll
0x000007fef7b20000 - 0x000007fef7c45000 	C:\windows\system32\dbghelp.dll
0x0000000076af0000 - 0x0000000076bea000 	C:\windows\system32\USER32.dll
0x000007fefdc10000 - 0x000007fefdc77000 	C:\windows\system32\GDI32.dll
0x000007fefed30000 - 0x000007fefed3e000 	C:\windows\system32\LPK.dll
0x000007fefdd20000 - 0x000007fefdde9000 	C:\windows\system32\USP10.dll
0x000000007bed0000 - 0x000000007c183000 	C:\Program Files\MATLAB\R2012a\bin\win64\libmwservices.dll
0x0000000075a20000 - 0x0000000075ae2000 	C:\Program Files\MATLAB\R2012a\bin\win64\libmx.dll
0x000000007a210000 - 0x000000007a228000 	C:\Program Files\MATLAB\R2012a\bin\win64\zlib1.dll
0x0000000004630000 - 0x0000000004651000 	C:\Program Files\MATLAB\R2012a\bin\win64\libmwmfl_scalar.dll
0x0000000075f10000 - 0x0000000075f5d000 	C:\Program Files\MATLAB\R2012a\bin\win64\mpath.dll
0x000000007b680000 - 0x000000007bbe1000 	C:\Program Files\MATLAB\R2012a\bin\win64\mlutil.dll
0x000000006cb70000 - 0x000000006cbef000 	C:\Program Files\MATLAB\R2012a\bin\win64\xmlcore.dll
0x000000007bc30000 - 0x000000007be83000 	C:\Program Files\MATLAB\R2012a\bin\win64\xerces-c_2_7.dll
0x000007fefdca0000 - 0x000007fefdced000 	C:\windows\system32\WS2_32.dll
0x000007fefd8c0000 - 0x000007fefd8c8000 	C:\windows\system32\NSI.dll
0x00000000046b0000 - 0x00000000046ca000 	C:\Program Files\MATLAB\R2012a\bin\win64\libmwMATLAB_settings_res.dll
0x00000000046e0000 - 0x0000000004727000 	C:\Program Files\MATLAB\R2012a\bin\win64\boost_serialization-vc90-mt-1_44.dll
0x000007fefde90000 - 0x000007fefec18000 	C:\windows\system32\SHELL32.dll
0x000007fefd8d0000 - 0x000007fefd941000 	C:\windows\system32\SHLWAPI.dll
0x000007fef5a80000 - 0x000007fef5b20000 	C:\windows\WinSxS\amd64_microsoft.windows.common-controls_6595b64144ccf1df_5.82.7601.17514_none_a4d6a923711520a9\COMCTL32.dll
0x000007fefed40000 - 0x000007fefedd7000 	C:\windows\system32\COMDLG32.dll
0x000007fefab80000 - 0x000007fefab96000 	C:\windows\system32\NETAPI32.dll
0x000007fefc8d0000 - 0x000007fefc8dc000 	C:\windows\system32\netutils.dll
0x000007fefce60000 - 0x000007fefce83000 	C:\windows\system32\srvcli.dll
0x000007fefab50000 - 0x000007fefab65000 	C:\windows\system32\wkscli.dll
0x000007feff060000 - 0x000007feff263000 	C:\windows\system32\ole32.dll
0x000007fefdb30000 - 0x000007fefdc07000 	C:\windows\system32\OLEAUT32.dll
0x0000000074970000 - 0x0000000074b06000 	C:\Program Files\MATLAB\R2012a\bin\win64\mcr.dll
0x0000000075000000 - 0x000000007536b000 	C:\Program Files\MATLAB\R2012a\bin\win64\iqm.dll
0x0000000068af0000 - 0x0000000069311000 	C:\Program Files\MATLAB\R2012a\bin\win64\m_interpreter.dll
0x000000006cc40000 - 0x000000006cc65000 	C:\Program Files\MATLAB\R2012a\bin\win64\libmex.dll
0x000000006c6b0000 - 0x000000006c763000 	C:\Program Files\MATLAB\R2012a\bin\win64\m_dispatcher.dll
0x0000000074880000 - 0x000000007496d000 	C:\Program Files\MATLAB\R2012a\bin\win64\boost_regex-vc90-mt-1_44.dll
0x000000006ca30000 - 0x000000006cab4000 	C:\Program Files\MATLAB\R2012a\bin\win64\profiler.dll
0x00000000047b0000 - 0x0000000004a05000 	C:\Program Files\MATLAB\R2012a\bin\win64\libmwmathutil.dll
0x0000000079f40000 - 0x0000000079f6d000 	C:\Program Files\MATLAB\R2012a\bin\win64\libmwmathrng.dll
0x0000000074c10000 - 0x0000000074ced000 	C:\Program Files\MATLAB\R2012a\bin\win64\libmwmathcore.dll
0x0000000076160000 - 0x00000000761cb000 	C:\Program Files\MATLAB\R2012a\bin\win64\libmwspmatrix.dll
0x0000000075ea0000 - 0x0000000075f02000 	C:\Program Files\MATLAB\R2012a\bin\win64\libmwcholmod.dll
0x000000007a460000 - 0x000000007a46d000 	C:\Program Files\MATLAB\R2012a\bin\win64\libmwamd.dll
0x000000007a4b0000 - 0x000000007a4bc000 	C:\Program Files\MATLAB\R2012a\bin\win64\libmwcolamd.dll
0x000000006cfb0000 - 0x000000006cfc9000 	C:\Program Files\MATLAB\R2012a\bin\win64\libmwblas.dll
0x000000006cc20000 - 0x000000006cc32000 	C:\Program Files\MATLAB\R2012a\bin\win64\libmwbinder.dll
0x00000000746b0000 - 0x00000000746bb000 	C:\Program Files\MATLAB\R2012a\bin\win64\libmwompwrapper.dll
0x000000006c9a0000 - 0x000000006ca26000 	C:\Program Files\MATLAB\R2012a\bin\win64\libmwlapack.dll
0x000000006cbf0000 - 0x000000006cc11000 	C:\Program Files\MATLAB\R2012a\bin\win64\m_pcodeio.dll
0x0000000079b10000 - 0x0000000079b77000 	C:\Program Files\MATLAB\R2012a\bin\win64\m_ir.dll
0x0000000069980000 - 0x0000000069fd0000 	C:\Program Files\MATLAB\R2012a\bin\win64\m_parser.dll
0x000000006cf00000 - 0x000000006cf1a000 	C:\Program Files\MATLAB\R2012a\bin\win64\ir_xfmr.dll
0x000000006bed0000 - 0x000000006c149000 	C:\Program Files\MATLAB\R2012a\bin\win64\mcos.dll
0x000000006f150000 - 0x000000006f15c000 	C:\Program Files\MATLAB\R2012a\bin\win64\mtok.dll
0x000000006cb30000 - 0x000000006cb61000 	C:\Program Files\MATLAB\R2012a\bin\win64\m_pcodegen.dll
0x0000000079fb0000 - 0x0000000079fe7000 	C:\Program Files\MATLAB\R2012a\bin\win64\libmwbridge.dll
0x000000006c5e0000 - 0x000000006c6a8000 	C:\Program Files\MATLAB\R2012a\bin\win64\udd.dll
0x000000006bd70000 - 0x000000006bec2000 	C:\Program Files\MATLAB\R2012a\bin\win64\libmwgui.dll
0x000000006cb10000 - 0x000000006cb27000 	C:\Program Files\MATLAB\R2012a\bin\win64\graphics_util.dll
0x0000000068140000 - 0x0000000068ae3000 	C:\Program Files\MATLAB\R2012a\bin\win64\hg.dll
0x0000000004b80000 - 0x0000000004be7000 	C:\Program Files\MATLAB\R2012a\bin\win64\libmat.dll
0x0000000072d30000 - 0x0000000072f44000 	C:\Program Files\MATLAB\R2012a\bin\win64\hdf5dll.dll
0x0000000075710000 - 0x00000000757c1000 	C:\Program Files\MATLAB\R2012a\bin\win64\jmi.dll
0x0000000004c20000 - 0x0000000004c2e000 	C:\Program Files\MATLAB\R2012a\bin\win64\nativejava_services.dll
0x000000006c790000 - 0x000000006c7d2000 	C:\Program Files\MATLAB\R2012a\bin\win64\libmwhardcopy.dll
0x000000006c580000 - 0x000000006c5da000 	C:\Program Files\MATLAB\R2012a\bin\win64\libuij.dll
0x000000006bb60000 - 0x000000006bd6c000 	C:\Program Files\MATLAB\R2012a\bin\win64\hgdatatypes.dll
0x000000006c270000 - 0x000000006c36d000 	C:\Program Files\MATLAB\R2012a\bin\win64\hgutils.dll
0x000000006baa0000 - 0x000000006bb5d000 	C:\Program Files\MATLAB\R2012a\bin\win64\udd_mi.dll
0x0000000004c90000 - 0x0000000004ccb000 	C:\Program Files\MATLAB\R2012a\bin\win64\libmwgbtutils.dll
0x0000000004ce0000 - 0x0000000004cf9000 	C:\Program Files\MATLAB\R2012a\bin\win64\libmwgbt.dll
0x0000000004d10000 - 0x0000000004fda000 	C:\Program Files\MATLAB\R2012a\bin\win64\uiw.dll
0x000000006f0a0000 - 0x000000006f0af000 	C:\Program Files\MATLAB\R2012a\bin\win64\uinone.dll
0x000007fef6110000 - 0x000007fef6128000 	C:\windows\system32\MPR.dll
0x000000006b3f0000 - 0x000000006b8d4000 	C:\windows\WinSxS\amd64_microsoft.vc90.mfc_1fc8b3b9a1e18e3b_9.0.30729.6161_none_044aad0bab1eb146\mfc90.dll
0x000007fef6180000 - 0x000007fef6187000 	C:\windows\system32\MSIMG32.dll
0x000007fef9cb0000 - 0x000007fef9d21000 	C:\windows\system32\WINSPOOL.DRV
0x000000006c980000 - 0x000000006c9a0000 	C:\Program Files\MATLAB\R2012a\bin\win64\mwoles05.DLL
0x000000006ba20000 - 0x000000006ba9c000 	C:\Program Files\MATLAB\R2012a\bin\win64\comcli.dll
0x00000000747d0000 - 0x00000000747ff000 	C:\windows\WinSxS\amd64_microsoft.vc90.atl_1fc8b3b9a1e18e3b_9.0.30729.6161_none_0a1fd3a3a768b895\ATL90.DLL
0x000000006d020000 - 0x000000006d02c000 	C:\Program Files\MATLAB\R2012a\bin\win64\mlautoregister.dll
0x0000000005030000 - 0x0000000005040000 	C:\Program Files\MATLAB\R2012a\bin\win64\boost_iostreams-vc90-mt-1_44.dll
0x000007fefdcf0000 - 0x000007fefdd1e000 	C:\windows\system32\IMM32.DLL
0x000007fefec20000 - 0x000007fefed29000 	C:\windows\system32\MSCTF.dll
0x000007fefbaf0000 - 0x000007fefbb46000 	C:\windows\system32\UxTheme.dll
0x000007fefb220000 - 0x000007fefb238000 	C:\windows\system32\dwmapi.dll
0x000000006d000000 - 0x000000006d00d000 	C:\windows\WinSxS\amd64_microsoft.vc90.mfcloc_1fc8b3b9a1e18e3b_9.0.30729.6161_none_01c9581e60cbee58\MFC90ENU.DLL
0x00000000051a0000 - 0x00000000051c9000 	C:\Program Files\MATLAB\R2012a\bin\win64\tbbmalloc.dll
0x0000000078870000 - 0x0000000078ecd000 	C:\Program Files\MATLAB\R2012a\sys\java\jre\win64\jre\bin\server\jvm.dll
0x000007fefb430000 - 0x000007fefb46b000 	C:\windows\system32\WINMM.dll
0x000007fefd3c0000 - 0x000007fefd3cf000 	C:\windows\system32\profapi.dll
0x000000006c780000 - 0x000000006c783000 	C:\windows\system32\icmp.Dll
0x000007fefb130000 - 0x000007fefb157000 	C:\windows\system32\iphlpapi.DLL
0x000007fefb120000 - 0x000007fefb12b000 	C:\windows\system32\WINNSI.DLL
0x000007fefd220000 - 0x000007fefd245000 	C:\windows\system32\SspiCli.dll
0x000007fefb500000 - 0x000007fefb515000 	C:\windows\system32\NLAapi.dll
0x000007fefa050000 - 0x000007fefa065000 	C:\windows\system32\napinsp.dll
0x000007fefa0b0000 - 0x000007fefa0c9000 	C:\windows\system32\pnrpnsp.dll
0x000007fefcb90000 - 0x000007fefcbe5000 	C:\windows\System32\mswsock.dll
0x000007fefca20000 - 0x000007fefca7b000 	C:\windows\system32\DNSAPI.dll
0x000007fefa0a0000 - 0x000007fefa0ab000 	C:\windows\System32\winrnr.dll
0x000007fefa0f0000 - 0x000007fefa11f000 	C:\Program Files\Common Files\Microsoft Shared\Windows Live\WLIDNSP.DLL
0x000007fefad90000 - 0x000007fefade3000 	C:\windows\System32\fwpuclnt.dll

VM Arguments:
jvm_args: -Xss512k -XX:PermSize=32m -Xms64m -XX:NewRatio=3 -XX:MaxPermSize=128m -Xmx196m -XX:MaxDirectMemorySize=2147400000 -Dsun.java2d.noddraw=true -Dsun.awt.nopixfmt=true -Xshare:off -Xrs -Dsun.awt.disableMixing=true -Djava.library.path=C:\Program Files\MATLAB\R2012a\bin\win64 vfprintf abort 
java_command: <unknown>
Launcher Type: generic

Environment Variables:
JAVA_HOME=C:\Program Files (x86)\Java\jdk1.6.0_26
CLASSPATH=.;C:\Program Files (x86)\Java\jre6\lib\ext\QTJava.zip
PATH=C:\Program Files\Common Files\Microsoft Shared\Windows Live;C:\Program Files (x86)\Common Files\Microsoft Shared\Windows Live;C:\Program Files (x86)\NVIDIA Corporation\PhysX\Common;C:\Program Files (x86)\ActiveState Komodo 3.5\;C:\windows\system32;C:\windows;C:\windows\System32\Wbem;C:\windows\System32\WindowsPowerShell\v1.0\;C:\Program Files (x86)\Windows Live\Shared;C:\Program Files (x86)\Microsoft Application Virtualization Client;c:\cccapps\mingw\bin;C:\Program Files\MATLAB\R2012a\runtime\win64;C:\Program Files\MATLAB\R2012a\bin;C:\Program Files\proeWildfire 5.0\bin;C:\Program Files\proeWildfire 5.0\mech\bin;C:\Program Files (x86)\QuickTime\QTSystem\;C:\Program Files\TortoiseSVN\bin;C:\Program Files (x86)\Java\jdk1.6.0_26\bin;c:\cccapps\ant\bin
USERNAME=d.muchene92
OS=Windows_NT
PROCESSOR_IDENTIFIER=Intel64 Family 6 Model 42 Stepping 7, GenuineIntel



---------------  S Y S T E M  ---------------

OS: Windows 7 Build 7601 Service Pack 1

CPU:total 4 (8 cores per cpu, 2 threads per core) family 6 model 42 stepping 7, cmov, cx8, fxsr, mmx, sse, sse2, sse3, ssse3, sse4.1, sse4.2, ht

Memory: 4k page, physical 4150288k(1957784k free), swap 8298724k(5415112k free)

vm_info: Java HotSpot(TM) 64-Bit Server VM (14.3-b01) for windows-amd64 JRE (1.6.0_17-b04), built on Oct 11 2009 00:46:08 by "java_re" with MS VC++ 8.0

time: Sun Feb 10 18:44:31 2013
elapsed time: 10593 seconds

